19:8:10 GET / Mozilla/5.0 (Macintosh; Intel Mac OS X 10_12_6) AppleWebKit/537.36 (KHTML, like Gecko) Chrome/71.0.3578.98 Safari/537.36
19:23:27 GET / Mozilla/5.0 (Macintosh; Intel Mac OS X 10_12_6) AppleWebKit/537.36 (KHTML, like Gecko) Chrome/71.0.3578.98 Safari/537.36
19:23:34 GET /api/users Mozilla/5.0 (Macintosh; Intel Mac OS X 10_12_6) AppleWebKit/537.36 (KHTML, like Gecko) Chrome/71.0.3578.98 Safari/537.36
19:23:59 GET /api/users Mozilla/5.0 (Macintosh; Intel Mac OS X 10_12_6) AppleWebKit/537.36 (KHTML, like Gecko) Chrome/71.0.3578.98 Safari/537.36
19:24:37 GET /api/users Mozilla/5.0 (Macintosh; Intel Mac OS X 10_12_6) AppleWebKit/537.36 (KHTML, like Gecko) Chrome/71.0.3578.98 Safari/537.36
19:24:38 GET /api/users Mozilla/5.0 (Macintosh; Intel Mac OS X 10_12_6) AppleWebKit/537.36 (KHTML, like Gecko) Chrome/71.0.3578.98 Safari/537.36
19:24:50 GET /api/users Mozilla/5.0 (Macintosh; Intel Mac OS X 10_12_6) AppleWebKit/537.36 (KHTML, like Gecko) Chrome/71.0.3578.98 Safari/537.36
19:25:10 GET /api/users Mozilla/5.0 (Macintosh; Intel Mac OS X 10_12_6) AppleWebKit/537.36 (KHTML, like Gecko) Chrome/71.0.3578.98 Safari/537.36
19:25:29 GET /api/users Mozilla/5.0 (Macintosh; Intel Mac OS X 10_12_6) AppleWebKit/537.36 (KHTML, like Gecko) Chrome/71.0.3578.98 Safari/537.36
20:21:36 GET /api/users/1 Mozilla/5.0 (Macintosh; Intel Mac OS X 10_12_6) AppleWebKit/537.36 (KHTML, like Gecko) Chrome/71.0.3578.98 Safari/537.36
20:22:50 GET /api/users/1 Mozilla/5.0 (Macintosh; Intel Mac OS X 10_12_6) AppleWebKit/537.36 (KHTML, like Gecko) Chrome/71.0.3578.98 Safari/537.36
20:23:23 GET /api/users/1 Mozilla/5.0 (Macintosh; Intel Mac OS X 10_12_6) AppleWebKit/537.36 (KHTML, like Gecko) Chrome/71.0.3578.98 Safari/537.36
20:23:25 GET /api/users/1 Mozilla/5.0 (Macintosh; Intel Mac OS X 10_12_6) AppleWebKit/537.36 (KHTML, like Gecko) Chrome/71.0.3578.98 Safari/537.36
20:32:51 GET /api/users/1 Mozilla/5.0 (Macintosh; Intel Mac OS X 10_12_6) AppleWebKit/537.36 (KHTML, like Gecko) Chrome/71.0.3578.98 Safari/537.36
20:35:16 GET /api/users/1 Mozilla/5.0 (Macintosh; Intel Mac OS X 10_12_6) AppleWebKit/537.36 (KHTML, like Gecko) Chrome/71.0.3578.98 Safari/537.36
20:35:17 GET /api/users/1 Mozilla/5.0 (Macintosh; Intel Mac OS X 10_12_6) AppleWebKit/537.36 (KHTML, like Gecko) Chrome/71.0.3578.98 Safari/537.36
20:35:31 GET /api/users/1 Mozilla/5.0 (Macintosh; Intel Mac OS X 10_12_6) AppleWebKit/537.36 (KHTML, like Gecko) Chrome/71.0.3578.98 Safari/537.36
20:35:46 GET /api/users/1 Mozilla/5.0 (Macintosh; Intel Mac OS X 10_12_6) AppleWebKit/537.36 (KHTML, like Gecko) Chrome/71.0.3578.98 Safari/537.36
20:42:41 GET /api/users/1 Mozilla/5.0 (Macintosh; Intel Mac OS X 10_12_6) AppleWebKit/537.36 (KHTML, like Gecko) Chrome/71.0.3578.98 Safari/537.36
20:42:47 GET /api/wines/1 Mozilla/5.0 (Macintosh; Intel Mac OS X 10_12_6) AppleWebKit/537.36 (KHTML, like Gecko) Chrome/71.0.3578.98 Safari/537.36
20:44:8 GET /api/wines/1 Mozilla/5.0 (Macintosh; Intel Mac OS X 10_12_6) AppleWebKit/537.36 (KHTML, like Gecko) Chrome/71.0.3578.98 Safari/537.36
20:44:13 GET /api/wines/hjh Mozilla/5.0 (Macintosh; Intel Mac OS X 10_12_6) AppleWebKit/537.36 (KHTML, like Gecko) Chrome/71.0.3578.98 Safari/537.36
22:16:10 GET /api/wines/hjh Mozilla/5.0 (Macintosh; Intel Mac OS X 10_12_6) AppleWebKit/537.36 (KHTML, like Gecko) Chrome/71.0.3578.98 Safari/537.36
22:24:37 GET /api/users Mozilla/5.0 (Macintosh; Intel Mac OS X 10_12_6) AppleWebKit/537.36 (KHTML, like Gecko) Chrome/71.0.3578.98 Safari/537.36
22:24:37 GET / Mozilla/5.0 (Macintosh; Intel Mac OS X 10_12_6) AppleWebKit/537.36 (KHTML, like Gecko) Chrome/71.0.3578.98 Safari/537.36
22:26:2 GET / Mozilla/5.0 (Macintosh; Intel Mac OS X 10_12_6) AppleWebKit/537.36 (KHTML, like Gecko) Chrome/71.0.3578.98 Safari/537.36
22:26:10 GET /wines Mozilla/5.0 (Macintosh; Intel Mac OS X 10_12_6) AppleWebKit/537.36 (KHTML, like Gecko) Chrome/71.0.3578.98 Safari/537.36
22:26:23 GET /api/wines Mozilla/5.0 (Macintosh; Intel Mac OS X 10_12_6) AppleWebKit/537.36 (KHTML, like Gecko) Chrome/71.0.3578.98 Safari/537.36
22:26:28 GET /api/users Mozilla/5.0 (Macintosh; Intel Mac OS X 10_12_6) AppleWebKit/537.36 (KHTML, like Gecko) Chrome/71.0.3578.98 Safari/537.36
22:26:28 GET /wine Mozilla/5.0 (Macintosh; Intel Mac OS X 10_12_6) AppleWebKit/537.36 (KHTML, like Gecko) Chrome/71.0.3578.98 Safari/537.36
22:26:51 GET /api/users Mozilla/5.0 (Macintosh; Intel Mac OS X 10_12_6) AppleWebKit/537.36 (KHTML, like Gecko) Chrome/71.0.3578.98 Safari/537.36
22:26:51 GET /api/wine Mozilla/5.0 (Macintosh; Intel Mac OS X 10_12_6) AppleWebKit/537.36 (KHTML, like Gecko) Chrome/71.0.3578.98 Safari/537.36
22:32:21 GET /api/wine Mozilla/5.0 (Macintosh; Intel Mac OS X 10_12_6) AppleWebKit/537.36 (KHTML, like Gecko) Chrome/71.0.3578.98 Safari/537.36
22:32:22 GET /api/wine Mozilla/5.0 (Macintosh; Intel Mac OS X 10_12_6) AppleWebKit/537.36 (KHTML, like Gecko) Chrome/71.0.3578.98 Safari/537.36
22:32:22 GET /api/wine Mozilla/5.0 (Macintosh; Intel Mac OS X 10_12_6) AppleWebKit/537.36 (KHTML, like Gecko) Chrome/71.0.3578.98 Safari/537.36
22:32:23 GET /api/wine Mozilla/5.0 (Macintosh; Intel Mac OS X 10_12_6) AppleWebKit/537.36 (KHTML, like Gecko) Chrome/71.0.3578.98 Safari/537.36
22:32:23 GET /api/wine Mozilla/5.0 (Macintosh; Intel Mac OS X 10_12_6) AppleWebKit/537.36 (KHTML, like Gecko) Chrome/71.0.3578.98 Safari/537.36
22:32:33 GET /api/wines Mozilla/5.0 (Macintosh; Intel Mac OS X 10_12_6) AppleWebKit/537.36 (KHTML, like Gecko) Chrome/71.0.3578.98 Safari/537.36
23:8:19 POST /login PostmanRuntime/7.3.0
23:8:19 GET / PostmanRuntime/7.3.0
23:38:24 POST /login PostmanRuntime/7.3.0
23:38:24 GET / PostmanRuntime/7.3.0
23:51:26 GET /api/wines Mozilla/5.0 (Macintosh; Intel Mac OS X 10_12_6) AppleWebKit/537.36 (KHTML, like Gecko) Chrome/71.0.3578.98 Safari/537.36
23:51:27 GET /api/wines Mozilla/5.0 (Macintosh; Intel Mac OS X 10_12_6) AppleWebKit/537.36 (KHTML, like Gecko) Chrome/71.0.3578.98 Safari/537.36
23:51:32 POST /login PostmanRuntime/7.3.0
23:51:32 GET / PostmanRuntime/7.3.0
23:58:51 POST /register PostmanRuntime/7.3.0
23:59:5 POST /register PostmanRuntime/7.3.0
20:36:23 POST /register PostmanRuntime/7.3.0
20:38:26 POST /register PostmanRuntime/7.3.0
20:44:32 POST /register PostmanRuntime/7.3.0
20:48:1 POST /register PostmanRuntime/7.3.0
20:49:56 POST /register PostmanRuntime/7.3.0
20:52:25 POST /register PostmanRuntime/7.3.0
20:52:41 POST /register PostmanRuntime/7.3.0
20:54:4 POST /register PostmanRuntime/7.3.0
20:55:39 POST /register PostmanRuntime/7.3.0
20:56:42 POST /register PostmanRuntime/7.3.0
13:17:36 POST /login PostmanRuntime/7.3.0
13:26:13 POST /login PostmanRuntime/7.3.0
13:26:48 POST /login PostmanRuntime/7.3.0
13:31:2 POST /login PostmanRuntime/7.3.0
13:31:2 GET /login PostmanRuntime/7.3.0
13:31:12 POST /login PostmanRuntime/7.3.0
13:31:12 GET /login PostmanRuntime/7.3.0
13:33:7 POST /login PostmanRuntime/7.3.0
13:33:7 GET /login PostmanRuntime/7.3.0
14:0:54 POST /login PostmanRuntime/7.3.0
14:0:54 GET / PostmanRuntime/7.3.0
19:42:56 POST /register PostmanRuntime/7.3.0
20:19:52 POST /wines PostmanRuntime/7.3.0
20:20:8 POST /api/wines PostmanRuntime/7.3.0
20:22:50 POST /api/wines PostmanRuntime/7.3.0
20:24:14 POST /api/wines PostmanRuntime/7.3.0
20:25:25 POST /api/wines PostmanRuntime/7.3.0
20:28:8 POST /api/wines PostmanRuntime/7.3.0
20:28:41 POST /api/wines PostmanRuntime/7.3.0
20:29:43 POST /api/wines PostmanRuntime/7.3.0
20:30:40 POST /api/wines PostmanRuntime/7.3.0
20:30:59 POST /api/wines PostmanRuntime/7.3.0
21:58:45 POST /api/wines PostmanRuntime/7.3.0
21:59:18 POST /api/wines PostmanRuntime/7.3.0
21:59:29 POST /api/wines PostmanRuntime/7.3.0
22:0:4 POST /api/wines PostmanRuntime/7.3.0
22:0:15 POST /api/wines PostmanRuntime/7.3.0
22:0:40 POST /api/wines PostmanRuntime/7.3.0
22:2:36 POST /api/wines PostmanRuntime/7.3.0
22:4:12 POST /api/wines PostmanRuntime/7.3.0
22:5:12 POST /api/wines PostmanRuntime/7.3.0
22:5:50 POST /api/wines PostmanRuntime/7.3.0
22:6:26 POST /api/wines PostmanRuntime/7.3.0
22:12:48 PUT /api/wines/5cab9bb21a347e2efe7b332d PostmanRuntime/7.3.0
22:13:35 PUT /api/wines/5cab9bb21a347e2efe7b332d PostmanRuntime/7.3.0
22:15:19 PUT /api/wines/5cab9bb21a347e2efe7b332d PostmanRuntime/7.3.0
22:17:40 PUT /api/wines/5cab9bb21a347e2efe7b332d PostmanRuntime/7.3.0
22:18:12 PUT /api/wines/5cab9bb21a347e2efe7b332d PostmanRuntime/7.3.0
22:19:16 PUT /api/wines/5cab9bb21a347e2efe7b332d PostmanRuntime/7.3.0
22:19:38 PUT /api/wines/5cab9bb21a347e2efe7b332d PostmanRuntime/7.3.0
22:29:54 PUT /api/wines/5cab9bb21a347e2efe7b332d PostmanRuntime/7.3.0
22:30:52 PUT /api/wines/5cab9bb21a347e2efe7b332d PostmanRuntime/7.3.0
22:31:22 PUT /api/wines/5cab9bb21a347e2efe7b332d PostmanRuntime/7.3.0
22:32:34 PUT /api/wines/5cab9bb21a347e2efe7b332d PostmanRuntime/7.3.0
22:32:59 PUT /api/wines/5cab9bb21a347e2efe7b332d PostmanRuntime/7.3.0
22:33:26 PUT /api/wines/5cab9bb21a347e2efe7b332d PostmanRuntime/7.3.0
22:33:49 PUT /api/wines/5cab9bb21a347e2efe7b332d PostmanRuntime/7.3.0
22:34:30 PUT /api/wines/5cab9bb21a347e2efe7b332d PostmanRuntime/7.3.0
22:36:18 PUT /api/wines/5cab9bb21a347e2efe7b332d PostmanRuntime/7.3.0
22:41:36 PUT /api/wines/5cab9bb21a347e2efe7b332d PostmanRuntime/7.3.0
22:42:9 PUT /api/wines/5cab9bb21a347e2efe7b332d PostmanRuntime/7.3.0
22:42:59 PUT /api/wines/5cab9bb21a347e2efe7b332d PostmanRuntime/7.3.0
22:43:43 PUT /api/wines/5cab9bb21a347e2efe7b332d PostmanRuntime/7.3.0
22:44:19 PUT /api/wines/5cab9bb21a347e2efe7b332d PostmanRuntime/7.3.0
22:44:37 PUT /api/wines/5cab9bb21a347e2efe7b332d PostmanRuntime/7.3.0
22:46:38 PUT /api/wines/5cab9bb21a347e2efe7b332d PostmanRuntime/7.3.0
22:47:0 PUT /api/wines/5cab9bb21a347e2efe7b332d PostmanRuntime/7.3.0
22:49:12 PUT /api/wines/5cab9bb21a347e2efe7b332d PostmanRuntime/7.3.0
22:54:12 PUT /api/wines/5cab9bb21a347e2efe7b332d PostmanRuntime/7.3.0
22:55:18 PUT /api/wines/5cab9bb21a347e2efe7b332d PostmanRuntime/7.3.0
23:0:18 PUT /api/wines/5cab9bb21a347e2efe7b332d PostmanRuntime/7.3.0
23:0:37 PUT /api/wines/5cab9bb21a347e2efe7b332d PostmanRuntime/7.3.0
23:3:24 PUT /api/wines/5cab9bb21a347e2efe7b332d PostmanRuntime/7.3.0
23:4:23 PUT /api/wines/5cab9bb21a347e2efe7b332d PostmanRuntime/7.3.0
23:6:43 PUT /api/wines/5cab9bb21a347e2efe7b332d PostmanRuntime/7.3.0
23:7:11 PUT /api/wines/5cab9bb21a347e2efe7b332d PostmanRuntime/7.3.0
23:8:3 PUT /api/wines/5cab9bb21a347e2efe7b332d PostmanRuntime/7.3.0
23:8:34 PUT /api/wines/5cab9bb21a347e2efe7b332d PostmanRuntime/7.3.0
23:11:22 PUT /api/wines/5cab9bb21a347e2efe7b332d PostmanRuntime/7.3.0
23:11:52 PUT /api/wines/5cab9bb21a347e2efe7b332d PostmanRuntime/7.3.0
23:13:49 PUT /api/wines/5cab9bb21a347e2efe7b332d PostmanRuntime/7.3.0
21:38:59 PUT /api/wines/5cab9bb21a347e2efe7b332d PostmanRuntime/7.3.0
21:39:29 PUT /api/wines/5cab9bb21a347e2efe7b332d PostmanRuntime/7.3.0
21:39:58 PUT /api/wines/5cab9bb21a347e2efe7b332d PostmanRuntime/7.3.0
21:40:18 PUT /api/wines/5cab9bb21a347e2efe7b332d PostmanRuntime/7.3.0
21:41:50 PUT /api/wines/5cab9bb21a347e2efe7b332d PostmanRuntime/7.3.0
21:42:16 PUT /api/wines/5cab9bb21a347e2efe7b332d PostmanRuntime/7.3.0
21:42:55 PUT /api/wines/5cab9bb21a347e2efe7b332d PostmanRuntime/7.3.0
21:43:46 PUT /api/wines/5cab9bb21a347e2efe7b332d PostmanRuntime/7.3.0
21:44:48 PUT /api/wines/5cab9bb21a347e2efe7b332d PostmanRuntime/7.3.0
21:45:18 PUT /api/wines/5cab9bb21a347e2efe7b332d PostmanRuntime/7.3.0
21:46:40 PUT /api/wines/5cab9bb21a347e2efe7b332d PostmanRuntime/7.3.0
21:47:42 PUT /api/wines/5cab9bb21a347e2efe7b332d PostmanRuntime/7.3.0
21:47:56 PUT /api/wines/5cab9bb21a347e2efe7b332d PostmanRuntime/7.3.0
21:48:47 PUT /api/wines/5cab9bb21a347e2efe7b332d PostmanRuntime/7.3.0
21:49:9 PUT /api/wines/5cab9bb21a347e2efe7b332d PostmanRuntime/7.3.0
21:49:25 PUT /api/wines/5cab9bb21a347e2efe7b332d PostmanRuntime/7.3.0
21:49:49 PUT /api/wines/5cab9bb21a347e2efe7b332d PostmanRuntime/7.3.0
21:51:28 PUT /api/wines/5cab9bb21a347e2efe7b332d PostmanRuntime/7.3.0
21:52:10 PUT /api/wines/5cab9bb21a347e2efe7b332d PostmanRuntime/7.3.0
21:56:52 PUT /api/wines/5cab9bb21a347e2efe7b332d PostmanRuntime/7.3.0
21:57:10 PUT /api/wines/5cab9bb21a347e2efe7b332d PostmanRuntime/7.3.0
21:57:37 PUT /api/wines/5cab9bb21a347e2efe7b332d PostmanRuntime/7.3.0
21:57:55 PUT /api/wines/5cab9bb21a347e2efe7b332d PostmanRuntime/7.3.0
21:59:17 PUT /api/wines/5cab9bb21a347e2efe7b332d PostmanRuntime/7.3.0
22:0:18 PUT /api/wines/5cab9bb21a347e2efe7b332d PostmanRuntime/7.3.0
22:1:3 PUT /api/wines/5cab9bb21a347e2efe7b332d PostmanRuntime/7.3.0
22:1:47 PUT /api/wines/5cab9bb21a347e2efe7b332d PostmanRuntime/7.3.0
22:2:47 PUT /api/wines/5cab9bb21a347e2efe7b332d PostmanRuntime/7.3.0
22:5:30 PUT /api/wines/5cab9bb21a347e2efe7b332d PostmanRuntime/7.3.0
22:9:16 PUT /api/wines/5cab9bb21a347e2efe7b332d PostmanRuntime/7.3.0
22:9:57 PUT /api/wines/5cab9bb21a347e2efe7b332d PostmanRuntime/7.3.0
22:10:50 PUT /api/wines/5cab9bb21a347e2efe7b332d PostmanRuntime/7.3.0
22:11:55 PUT /api/wines/5cab9bb21a347e2efe7b332d PostmanRuntime/7.3.0
22:13:32 PUT /api/wines/5cab9bb21a347e2efe7b332d PostmanRuntime/7.3.0
22:14:20 PUT /api/wines/5cab9bb21a347e2efe7b332d PostmanRuntime/7.3.0
22:17:15 PUT /api/wines/5cab9bb21a347e2efe7b332d PostmanRuntime/7.3.0
22:35:59 PUT /api/wines/5cab9bb21a347e2efe7b332d PostmanRuntime/7.3.0
23:29:6 PUT /api/wines/5cab9bb21a347e2efe7b332d PostmanRuntime/7.3.0
23:30:13 PUT /api/wines/5cab9bb21a347e2efe7b332d PostmanRuntime/7.3.0
23:32:49 PUT /api/wines/5cab9bb21a347e2efe7b332d PostmanRuntime/7.3.0
23:34:11 PUT /api/wines/5cab9bb21a347e2efe7b332d PostmanRuntime/7.3.0
23:42:51 PUT /api/wines/5cab9bb21a347e2efe7b332d PostmanRuntime/7.3.0
23:43:47 PUT /api/wines/5cab9bb21a347e2efe7b332d PostmanRuntime/7.3.0
23:47:47 PUT /api/wines/5cab9bb21a347e2efe7b332d PostmanRuntime/7.3.0
23:50:12 PUT /api/wines/5cab9bb21a347e2efe7b332d PostmanRuntime/7.3.0
23:51:51 PUT /api/wines/5cab9bb21a347e2efe7b332d PostmanRuntime/7.3.0
23:53:45 PUT /api/wines/5cab9bb21a347e2efe7b332d PostmanRuntime/7.3.0
23:57:55 PUT /api/wines/5cab9bb21a347e2efe7b332d PostmanRuntime/7.3.0
23:58:48 PUT /api/wines/5cab9bb21a347e2efe7b332d PostmanRuntime/7.3.0
23:59:47 PUT /api/wines/5cab9bb21a347e2efe7b332d PostmanRuntime/7.3.0
21:0:32 PUT /api/wines/5cab9bb21a347e2efe7b332d PostmanRuntime/7.3.0
21:22:14 PUT /api/wines/5cab9bb21a347e2efe7b332d PostmanRuntime/7.3.0
21:23:24 PUT /api/wines/5cab9bb21a347e2efe7b332d PostmanRuntime/7.3.0
21:25:40 PUT /api/wines/5cab9bb21a347e2efe7b332d PostmanRuntime/7.3.0
21:33:7 PUT /api/wines/5cab9bb21a347e2efe7b332d PostmanRuntime/7.3.0
21:38:37 PUT /api/wines/5cab9bb21a347e2efe7b332d PostmanRuntime/7.3.0
21:43:36 POST /api/wines PostmanRuntime/7.3.0
21:43:56 PUT /api/wines/5cae395803d3b843acd3441b PostmanRuntime/7.3.0
21:45:33 POST /api/wines PostmanRuntime/7.3.0
21:45:45 PUT /api/wines/5cae39cd76d0974404d80b06 PostmanRuntime/7.3.0
21:49:30 PUT /api/wines/5cae39cd76d0974404d80b06 PostmanRuntime/7.3.0
21:51:53 PUT /api/wines/5cae39cd76d0974404d80b06 PostmanRuntime/7.3.0
21:56:21 PUT /api/wines/5cae39cd76d0974404d80b06 PostmanRuntime/7.3.0
21:57:59 PUT /api/wines/5cae39cd76d0974404d80b06 PostmanRuntime/7.3.0
22:0:24 PUT /api/wines/5cae39cd76d0974404d80b06 PostmanRuntime/7.3.0
22:44:24 PUT /api/wines/5cae39cd76d0974404d80b06 PostmanRuntime/7.3.0
22:45:25 PUT /api/wines/5cae39cd76d0974404d80b06 PostmanRuntime/7.3.0
22:47:1 PUT /api/wines/5cae39cd76d0974404d80b06 PostmanRuntime/7.3.0
22:47:37 PUT /api/wines/5cae39cd76d0974404d80b06 PostmanRuntime/7.3.0
22:51:25 PUT /api/wines/5cae39cd76d0974404d80b06 PostmanRuntime/7.3.0
22:52:59 PUT /api/wines/5cae39cd76d0974404d80b06 PostmanRuntime/7.3.0
22:55:58 PUT /api/wines/5cae39cd76d0974404d80b06 PostmanRuntime/7.3.0
23:3:30 PUT /api/wines/5cae39cd76d0974404d80b06 PostmanRuntime/7.3.0
23:4:28 PUT /api/wines/5cae39cd76d0974404d80b06 PostmanRuntime/7.3.0
23:5:50 PUT /api/wines/5cae39cd76d0974404d80b06 PostmanRuntime/7.3.0
23:7:48 PUT /api/wines/5cae39cd76d0974404d80b06 PostmanRuntime/7.3.0
23:8:25 PUT /api/wines/5cae39cd76d0974404d80b06 PostmanRuntime/7.3.0
23:8:53 PUT /api/wines/5cae39cd76d0974404d80b06 PostmanRuntime/7.3.0
23:9:25 PUT /api/wines/5cae39cd76d0974404d80b06 PostmanRuntime/7.3.0
23:13:35 PUT /api/wines/5cae39cd76d0974404d80b06 PostmanRuntime/7.3.0
23:14:15 PUT /api/wines/5cae39cd76d0974404d80b06 PostmanRuntime/7.3.0
23:15:51 PUT /api/wines/5cae39cd76d0974404d80b06 PostmanRuntime/7.3.0
23:17:10 PUT /api/wines/5cae39cd76d0974404d80b06 PostmanRuntime/7.3.0
23:18:14 POST /register PostmanRuntime/7.3.0
23:18:55 PUT /api/wines/5cae39cd76d0974404d80b06 PostmanRuntime/7.3.0
23:19:0 PUT /api/wines/5cae39cd76d0974404d80b06 PostmanRuntime/7.3.0
23:20:13 PUT /api/wines/5cae39cd76d0974404d80b06 PostmanRuntime/7.3.0
23:21:35 PUT /api/wines/5cae39cd76d0974404d80b06 PostmanRuntime/7.3.0
23:22:28 PUT /api/wines/5cae39cd76d0974404d80b06 PostmanRuntime/7.3.0
23:22:49 PUT /api/wines/5cae39cd76d0974404d80b06 PostmanRuntime/7.3.0
23:24:43 POST /api/wines PostmanRuntime/7.3.0
23:24:55 PUT /api/wines/5cae510bc3c24947efba9abf PostmanRuntime/7.3.0
23:26:4 POST /api/wines PostmanRuntime/7.3.0
23:26:15 PUT /api/wines/5cae515c76ae7a480d582278 PostmanRuntime/7.3.0
23:27:35 PUT /api/wines/5cae515c76ae7a480d582278 PostmanRuntime/7.3.0
23:28:13 PUT /api/wines/5cae515c76ae7a480d582278 PostmanRuntime/7.3.0
23:28:47 PUT /api/wines/5cae515c76ae7a480d582278 PostmanRuntime/7.3.0
23:29:32 PUT /api/wines/5cae515c76ae7a480d582278 PostmanRuntime/7.3.0
23:30:39 PUT /api/wines/5cae515c76ae7a480d582278 PostmanRuntime/7.3.0
23:32:28 PUT /api/wines/5cae515c76ae7a480d582278 PostmanRuntime/7.3.0
23:35:8 POST /api/wines PostmanRuntime/7.3.0
23:35:22 PUT /api/wines/5cae537cb567cf4c3842338e PostmanRuntime/7.3.0
23:37:22 PUT /api/wines/5cae537cb567cf4c3842338e PostmanRuntime/7.3.0
23:39:18 PUT /api/wines/5cae537cb567cf4c3842338e PostmanRuntime/7.3.0
23:40:21 PUT /api/wines/5cae537cb567cf4c3842338e PostmanRuntime/7.3.0
23:42:2 PUT /api/wines/5cae537cb567cf4c3842338e PostmanRuntime/7.3.0
23:45:2 PUT /api/wines/5cae537cb567cf4c3842338e PostmanRuntime/7.3.0
23:49:59 PUT /api/wines/5cae537cb567cf4c3842338e PostmanRuntime/7.3.0
23:50:31 PUT /api/wines/5cae537cb567cf4c3842338e PostmanRuntime/7.3.0
18:9:48 PUT /api/wines/5cae537cb567cf4c3842338e PostmanRuntime/7.3.0
18:18:24 PUT /api/wines/5cae537cb567cf4c3842338e PostmanRuntime/7.3.0
18:21:55 PUT /api/wines/5cae537cb567cf4c3842338e PostmanRuntime/7.3.0
18:23:23 PUT /api/wines/5cae537cb567cf4c3842338e PostmanRuntime/7.3.0
18:48:22 PUT /api/wines/5cae537cb567cf4c3842338e PostmanRuntime/7.3.0
18:50:47 PUT /api/wines/5cae537cb567cf4c3842338e PostmanRuntime/7.3.0
18:51:55 PUT /api/wines/5cae537cb567cf4c3842338e PostmanRuntime/7.3.0
20:35:17 POST /login PostmanRuntime/7.3.0
20:35:17 GET / PostmanRuntime/7.3.0
21:12:23 POST /register PostmanRuntime/7.3.0
21:14:8 POST /register PostmanRuntime/7.3.0
23:44:39 GET / Mozilla/5.0 (Macintosh; Intel Mac OS X 10_12_6) AppleWebKit/537.36 (KHTML, like Gecko) Chrome/71.0.3578.98 Safari/537.36
23:45:13 GET / Mozilla/5.0 (Macintosh; Intel Mac OS X 10_12_6) AppleWebKit/537.36 (KHTML, like Gecko) Chrome/71.0.3578.98 Safari/537.36
23:45:13 GET /style.css Mozilla/5.0 (Macintosh; Intel Mac OS X 10_12_6) AppleWebKit/537.36 (KHTML, like Gecko) Chrome/71.0.3578.98 Safari/537.36
23:45:15 GET / Mozilla/5.0 (Macintosh; Intel Mac OS X 10_12_6) AppleWebKit/537.36 (KHTML, like Gecko) Chrome/71.0.3578.98 Safari/537.36
23:45:15 GET /style.css Mozilla/5.0 (Macintosh; Intel Mac OS X 10_12_6) AppleWebKit/537.36 (KHTML, like Gecko) Chrome/71.0.3578.98 Safari/537.36
19:11:32 GET / Mozilla/5.0 (Macintosh; Intel Mac OS X 10_12_6) AppleWebKit/537.36 (KHTML, like Gecko) Chrome/71.0.3578.98 Safari/537.36
19:11:32 GET /style.css Mozilla/5.0 (Macintosh; Intel Mac OS X 10_12_6) AppleWebKit/537.36 (KHTML, like Gecko) Chrome/71.0.3578.98 Safari/537.36
19:11:44 GET /style.css Mozilla/5.0 (Macintosh; Intel Mac OS X 10_12_6) AppleWebKit/537.36 (KHTML, like Gecko) Chrome/71.0.3578.98 Safari/537.36
19:12:11 GET / Mozilla/5.0 (Macintosh; Intel Mac OS X 10_12_6) AppleWebKit/537.36 (KHTML, like Gecko) Chrome/71.0.3578.98 Safari/537.36
19:12:11 GET /public/style.css Mozilla/5.0 (Macintosh; Intel Mac OS X 10_12_6) AppleWebKit/537.36 (KHTML, like Gecko) Chrome/71.0.3578.98 Safari/537.36
19:12:12 GET / Mozilla/5.0 (Macintosh; Intel Mac OS X 10_12_6) AppleWebKit/537.36 (KHTML, like Gecko) Chrome/71.0.3578.98 Safari/537.36
19:12:12 GET /public/style.css Mozilla/5.0 (Macintosh; Intel Mac OS X 10_12_6) AppleWebKit/537.36 (KHTML, like Gecko) Chrome/71.0.3578.98 Safari/537.36
19:12:13 GET / Mozilla/5.0 (Macintosh; Intel Mac OS X 10_12_6) AppleWebKit/537.36 (KHTML, like Gecko) Chrome/71.0.3578.98 Safari/537.36
19:12:13 GET /public/style.css Mozilla/5.0 (Macintosh; Intel Mac OS X 10_12_6) AppleWebKit/537.36 (KHTML, like Gecko) Chrome/71.0.3578.98 Safari/537.36
19:12:26 GET / Mozilla/5.0 (Macintosh; Intel Mac OS X 10_12_6) AppleWebKit/537.36 (KHTML, like Gecko) Chrome/71.0.3578.98 Safari/537.36
19:12:26 GET /public/style.css Mozilla/5.0 (Macintosh; Intel Mac OS X 10_12_6) AppleWebKit/537.36 (KHTML, like Gecko) Chrome/71.0.3578.98 Safari/537.36
19:12:27 GET / Mozilla/5.0 (Macintosh; Intel Mac OS X 10_12_6) AppleWebKit/537.36 (KHTML, like Gecko) Chrome/71.0.3578.98 Safari/537.36
19:12:27 GET /public/style.css Mozilla/5.0 (Macintosh; Intel Mac OS X 10_12_6) AppleWebKit/537.36 (KHTML, like Gecko) Chrome/71.0.3578.98 Safari/537.36
19:13:2 GET / Mozilla/5.0 (Macintosh; Intel Mac OS X 10_12_6) AppleWebKit/537.36 (KHTML, like Gecko) Chrome/71.0.3578.98 Safari/537.36
19:13:35 GET / Mozilla/5.0 (Macintosh; Intel Mac OS X 10_12_6) AppleWebKit/537.36 (KHTML, like Gecko) Chrome/71.0.3578.98 Safari/537.36
19:14:1 GET / Mozilla/5.0 (Macintosh; Intel Mac OS X 10_12_6) AppleWebKit/537.36 (KHTML, like Gecko) Chrome/71.0.3578.98 Safari/537.36
19:14:37 GET / Mozilla/5.0 (Macintosh; Intel Mac OS X 10_12_6) AppleWebKit/537.36 (KHTML, like Gecko) Chrome/71.0.3578.98 Safari/537.36
19:15:8 GET / Mozilla/5.0 (Macintosh; Intel Mac OS X 10_12_6) AppleWebKit/537.36 (KHTML, like Gecko) Chrome/71.0.3578.98 Safari/537.36
19:15:23 GET / Mozilla/5.0 (Macintosh; Intel Mac OS X 10_12_6) AppleWebKit/537.36 (KHTML, like Gecko) Chrome/71.0.3578.98 Safari/537.36
19:16:9 GET / Mozilla/5.0 (Macintosh; Intel Mac OS X 10_12_6) AppleWebKit/537.36 (KHTML, like Gecko) Chrome/71.0.3578.98 Safari/537.36
19:16:21 GET / Mozilla/5.0 (Macintosh; Intel Mac OS X 10_12_6) AppleWebKit/537.36 (KHTML, like Gecko) Chrome/71.0.3578.98 Safari/537.36
19:17:11 GET / Mozilla/5.0 (Macintosh; Intel Mac OS X 10_12_6) AppleWebKit/537.36 (KHTML, like Gecko) Chrome/71.0.3578.98 Safari/537.36
19:27:59 GET / Mozilla/5.0 (Macintosh; Intel Mac OS X 10_12_6) AppleWebKit/537.36 (KHTML, like Gecko) Chrome/71.0.3578.98 Safari/537.36
19:31:41 GET / Mozilla/5.0 (Macintosh; Intel Mac OS X 10_12_6) AppleWebKit/537.36 (KHTML, like Gecko) Chrome/71.0.3578.98 Safari/537.36
19:32:1 GET / Mozilla/5.0 (Macintosh; Intel Mac OS X 10_12_6) AppleWebKit/537.36 (KHTML, like Gecko) Chrome/71.0.3578.98 Safari/537.36
19:32:45 GET / Mozilla/5.0 (Macintosh; Intel Mac OS X 10_12_6) AppleWebKit/537.36 (KHTML, like Gecko) Chrome/71.0.3578.98 Safari/537.36
19:36:27 GET / Mozilla/5.0 (Macintosh; Intel Mac OS X 10_12_6) AppleWebKit/537.36 (KHTML, like Gecko) Chrome/71.0.3578.98 Safari/537.36
19:36:43 GET / Mozilla/5.0 (Macintosh; Intel Mac OS X 10_12_6) AppleWebKit/537.36 (KHTML, like Gecko) Chrome/71.0.3578.98 Safari/537.36
19:37:1 GET / Mozilla/5.0 (Macintosh; Intel Mac OS X 10_12_6) AppleWebKit/537.36 (KHTML, like Gecko) Chrome/71.0.3578.98 Safari/537.36
19:37:29 GET / Mozilla/5.0 (Macintosh; Intel Mac OS X 10_12_6) AppleWebKit/537.36 (KHTML, like Gecko) Chrome/71.0.3578.98 Safari/537.36
19:37:45 GET / Mozilla/5.0 (Macintosh; Intel Mac OS X 10_12_6) AppleWebKit/537.36 (KHTML, like Gecko) Chrome/71.0.3578.98 Safari/537.36
19:38:27 GET / Mozilla/5.0 (Macintosh; Intel Mac OS X 10_12_6) AppleWebKit/537.36 (KHTML, like Gecko) Chrome/71.0.3578.98 Safari/537.36
19:38:44 GET / Mozilla/5.0 (Macintosh; Intel Mac OS X 10_12_6) AppleWebKit/537.36 (KHTML, like Gecko) Chrome/71.0.3578.98 Safari/537.36
19:39:2 GET / Mozilla/5.0 (Macintosh; Intel Mac OS X 10_12_6) AppleWebKit/537.36 (KHTML, like Gecko) Chrome/71.0.3578.98 Safari/537.36
19:40:59 GET / Mozilla/5.0 (Macintosh; Intel Mac OS X 10_12_6) AppleWebKit/537.36 (KHTML, like Gecko) Chrome/71.0.3578.98 Safari/537.36
19:44:28 GET / Mozilla/5.0 (Macintosh; Intel Mac OS X 10_12_6) AppleWebKit/537.36 (KHTML, like Gecko) Chrome/71.0.3578.98 Safari/537.36
19:44:39 GET / Mozilla/5.0 (Macintosh; Intel Mac OS X 10_12_6) AppleWebKit/537.36 (KHTML, like Gecko) Chrome/71.0.3578.98 Safari/537.36
19:47:7 GET / Mozilla/5.0 (Macintosh; Intel Mac OS X 10_12_6) AppleWebKit/537.36 (KHTML, like Gecko) Chrome/71.0.3578.98 Safari/537.36
19:52:14 GET / Mozilla/5.0 (Macintosh; Intel Mac OS X 10_12_6) AppleWebKit/537.36 (KHTML, like Gecko) Chrome/71.0.3578.98 Safari/537.36
19:56:3 GET / Mozilla/5.0 (Macintosh; Intel Mac OS X 10_12_6) AppleWebKit/537.36 (KHTML, like Gecko) Chrome/71.0.3578.98 Safari/537.36
19:56:20 GET / Mozilla/5.0 (Macintosh; Intel Mac OS X 10_12_6) AppleWebKit/537.36 (KHTML, like Gecko) Chrome/71.0.3578.98 Safari/537.36
19:56:44 GET / Mozilla/5.0 (Macintosh; Intel Mac OS X 10_12_6) AppleWebKit/537.36 (KHTML, like Gecko) Chrome/71.0.3578.98 Safari/537.36
19:57:7 GET / Mozilla/5.0 (Macintosh; Intel Mac OS X 10_12_6) AppleWebKit/537.36 (KHTML, like Gecko) Chrome/71.0.3578.98 Safari/537.36
19:57:55 GET / Mozilla/5.0 (Macintosh; Intel Mac OS X 10_12_6) AppleWebKit/537.36 (KHTML, like Gecko) Chrome/71.0.3578.98 Safari/537.36
14:12:24 GET / Mozilla/5.0 (Macintosh; Intel Mac OS X 10_12_6) AppleWebKit/537.36 (KHTML, like Gecko) Chrome/71.0.3578.98 Safari/537.36
14:35:29 GET /api/wines Mozilla/5.0 (Macintosh; Intel Mac OS X 10_12_6) AppleWebKit/537.36 (KHTML, like Gecko) Chrome/71.0.3578.98 Safari/537.36
15:58:16 GET / Mozilla/5.0 (Macintosh; Intel Mac OS X 10_12_6) AppleWebKit/537.36 (KHTML, like Gecko) Chrome/71.0.3578.98 Safari/537.36
15:58:16 GET /dist/bundle.js Mozilla/5.0 (Macintosh; Intel Mac OS X 10_12_6) AppleWebKit/537.36 (KHTML, like Gecko) Chrome/71.0.3578.98 Safari/537.36
15:58:18 GET / Mozilla/5.0 (Macintosh; Intel Mac OS X 10_12_6) AppleWebKit/537.36 (KHTML, like Gecko) Chrome/71.0.3578.98 Safari/537.36
15:58:18 GET /dist/bundle.js Mozilla/5.0 (Macintosh; Intel Mac OS X 10_12_6) AppleWebKit/537.36 (KHTML, like Gecko) Chrome/71.0.3578.98 Safari/537.36
16:0:41 GET / Mozilla/5.0 (Macintosh; Intel Mac OS X 10_12_6) AppleWebKit/537.36 (KHTML, like Gecko) Chrome/71.0.3578.98 Safari/537.36
16:0:41 GET /dist/bundle.js Mozilla/5.0 (Macintosh; Intel Mac OS X 10_12_6) AppleWebKit/537.36 (KHTML, like Gecko) Chrome/71.0.3578.98 Safari/537.36
16:0:42 GET / Mozilla/5.0 (Macintosh; Intel Mac OS X 10_12_6) AppleWebKit/537.36 (KHTML, like Gecko) Chrome/71.0.3578.98 Safari/537.36
16:0:42 GET /dist/bundle.js Mozilla/5.0 (Macintosh; Intel Mac OS X 10_12_6) AppleWebKit/537.36 (KHTML, like Gecko) Chrome/71.0.3578.98 Safari/537.36
16:1:6 GET / Mozilla/5.0 (Macintosh; Intel Mac OS X 10_12_6) AppleWebKit/537.36 (KHTML, like Gecko) Chrome/71.0.3578.98 Safari/537.36
16:1:6 GET /dist/bundle.js Mozilla/5.0 (Macintosh; Intel Mac OS X 10_12_6) AppleWebKit/537.36 (KHTML, like Gecko) Chrome/71.0.3578.98 Safari/537.36
16:1:21 GET / Mozilla/5.0 (Macintosh; Intel Mac OS X 10_12_6) AppleWebKit/537.36 (KHTML, like Gecko) Chrome/71.0.3578.98 Safari/537.36
16:1:21 GET /dist/bundle.js Mozilla/5.0 (Macintosh; Intel Mac OS X 10_12_6) AppleWebKit/537.36 (KHTML, like Gecko) Chrome/71.0.3578.98 Safari/537.36
16:1:22 GET / Mozilla/5.0 (Macintosh; Intel Mac OS X 10_12_6) AppleWebKit/537.36 (KHTML, like Gecko) Chrome/71.0.3578.98 Safari/537.36
16:1:22 GET /dist/bundle.js Mozilla/5.0 (Macintosh; Intel Mac OS X 10_12_6) AppleWebKit/537.36 (KHTML, like Gecko) Chrome/71.0.3578.98 Safari/537.36
16:1:22 GET / Mozilla/5.0 (Macintosh; Intel Mac OS X 10_12_6) AppleWebKit/537.36 (KHTML, like Gecko) Chrome/71.0.3578.98 Safari/537.36
16:1:23 GET /dist/bundle.js Mozilla/5.0 (Macintosh; Intel Mac OS X 10_12_6) AppleWebKit/537.36 (KHTML, like Gecko) Chrome/71.0.3578.98 Safari/537.36
16:1:36 GET / Mozilla/5.0 (Macintosh; Intel Mac OS X 10_12_6) AppleWebKit/537.36 (KHTML, like Gecko) Chrome/71.0.3578.98 Safari/537.36
16:1:36 GET /dist/bundle.js Mozilla/5.0 (Macintosh; Intel Mac OS X 10_12_6) AppleWebKit/537.36 (KHTML, like Gecko) Chrome/71.0.3578.98 Safari/537.36
16:3:55 GET / Mozilla/5.0 (Macintosh; Intel Mac OS X 10_12_6) AppleWebKit/537.36 (KHTML, like Gecko) Chrome/71.0.3578.98 Safari/537.36
16:3:56 GET /dist/bundle.js Mozilla/5.0 (Macintosh; Intel Mac OS X 10_12_6) AppleWebKit/537.36 (KHTML, like Gecko) Chrome/71.0.3578.98 Safari/537.36
16:3:57 GET / Mozilla/5.0 (Macintosh; Intel Mac OS X 10_12_6) AppleWebKit/537.36 (KHTML, like Gecko) Chrome/71.0.3578.98 Safari/537.36
16:3:57 GET /dist/bundle.js Mozilla/5.0 (Macintosh; Intel Mac OS X 10_12_6) AppleWebKit/537.36 (KHTML, like Gecko) Chrome/71.0.3578.98 Safari/537.36
16:7:50 GET / Mozilla/5.0 (Macintosh; Intel Mac OS X 10_12_6) AppleWebKit/537.36 (KHTML, like Gecko) Chrome/71.0.3578.98 Safari/537.36
16:7:50 GET /dist/bundle.js Mozilla/5.0 (Macintosh; Intel Mac OS X 10_12_6) AppleWebKit/537.36 (KHTML, like Gecko) Chrome/71.0.3578.98 Safari/537.36
16:9:39 GET / Mozilla/5.0 (Macintosh; Intel Mac OS X 10_12_6) AppleWebKit/537.36 (KHTML, like Gecko) Chrome/71.0.3578.98 Safari/537.36
16:9:39 GET /dist/bundle.js Mozilla/5.0 (Macintosh; Intel Mac OS X 10_12_6) AppleWebKit/537.36 (KHTML, like Gecko) Chrome/71.0.3578.98 Safari/537.36
16:9:40 GET / Mozilla/5.0 (Macintosh; Intel Mac OS X 10_12_6) AppleWebKit/537.36 (KHTML, like Gecko) Chrome/71.0.3578.98 Safari/537.36
16:9:40 GET /dist/bundle.js Mozilla/5.0 (Macintosh; Intel Mac OS X 10_12_6) AppleWebKit/537.36 (KHTML, like Gecko) Chrome/71.0.3578.98 Safari/537.36
16:9:41 GET / Mozilla/5.0 (Macintosh; Intel Mac OS X 10_12_6) AppleWebKit/537.36 (KHTML, like Gecko) Chrome/71.0.3578.98 Safari/537.36
16:9:41 GET /dist/bundle.js Mozilla/5.0 (Macintosh; Intel Mac OS X 10_12_6) AppleWebKit/537.36 (KHTML, like Gecko) Chrome/71.0.3578.98 Safari/537.36
16:9:41 GET / Mozilla/5.0 (Macintosh; Intel Mac OS X 10_12_6) AppleWebKit/537.36 (KHTML, like Gecko) Chrome/71.0.3578.98 Safari/537.36
16:9:41 GET /dist/bundle.js Mozilla/5.0 (Macintosh; Intel Mac OS X 10_12_6) AppleWebKit/537.36 (KHTML, like Gecko) Chrome/71.0.3578.98 Safari/537.36
16:9:41 GET / Mozilla/5.0 (Macintosh; Intel Mac OS X 10_12_6) AppleWebKit/537.36 (KHTML, like Gecko) Chrome/71.0.3578.98 Safari/537.36
16:9:41 GET /dist/bundle.js Mozilla/5.0 (Macintosh; Intel Mac OS X 10_12_6) AppleWebKit/537.36 (KHTML, like Gecko) Chrome/71.0.3578.98 Safari/537.36
16:9:42 GET / Mozilla/5.0 (Macintosh; Intel Mac OS X 10_12_6) AppleWebKit/537.36 (KHTML, like Gecko) Chrome/71.0.3578.98 Safari/537.36
16:9:42 GET /dist/bundle.js Mozilla/5.0 (Macintosh; Intel Mac OS X 10_12_6) AppleWebKit/537.36 (KHTML, like Gecko) Chrome/71.0.3578.98 Safari/537.36
16:9:42 GET / Mozilla/5.0 (Macintosh; Intel Mac OS X 10_12_6) AppleWebKit/537.36 (KHTML, like Gecko) Chrome/71.0.3578.98 Safari/537.36
16:9:42 GET /dist/bundle.js Mozilla/5.0 (Macintosh; Intel Mac OS X 10_12_6) AppleWebKit/537.36 (KHTML, like Gecko) Chrome/71.0.3578.98 Safari/537.36
16:13:30 GET / Mozilla/5.0 (Macintosh; Intel Mac OS X 10_12_6) AppleWebKit/537.36 (KHTML, like Gecko) Chrome/71.0.3578.98 Safari/537.36
16:13:30 GET /dist/bundle.js Mozilla/5.0 (Macintosh; Intel Mac OS X 10_12_6) AppleWebKit/537.36 (KHTML, like Gecko) Chrome/71.0.3578.98 Safari/537.36
16:13:31 GET / Mozilla/5.0 (Macintosh; Intel Mac OS X 10_12_6) AppleWebKit/537.36 (KHTML, like Gecko) Chrome/71.0.3578.98 Safari/537.36
16:13:31 GET /dist/bundle.js Mozilla/5.0 (Macintosh; Intel Mac OS X 10_12_6) AppleWebKit/537.36 (KHTML, like Gecko) Chrome/71.0.3578.98 Safari/537.36
16:13:31 GET / Mozilla/5.0 (Macintosh; Intel Mac OS X 10_12_6) AppleWebKit/537.36 (KHTML, like Gecko) Chrome/71.0.3578.98 Safari/537.36
16:13:32 GET /dist/bundle.js Mozilla/5.0 (Macintosh; Intel Mac OS X 10_12_6) AppleWebKit/537.36 (KHTML, like Gecko) Chrome/71.0.3578.98 Safari/537.36
16:13:32 GET / Mozilla/5.0 (Macintosh; Intel Mac OS X 10_12_6) AppleWebKit/537.36 (KHTML, like Gecko) Chrome/71.0.3578.98 Safari/537.36
16:13:32 GET /dist/bundle.js Mozilla/5.0 (Macintosh; Intel Mac OS X 10_12_6) AppleWebKit/537.36 (KHTML, like Gecko) Chrome/71.0.3578.98 Safari/537.36
16:16:6 GET / Mozilla/5.0 (Macintosh; Intel Mac OS X 10_12_6) AppleWebKit/537.36 (KHTML, like Gecko) Chrome/71.0.3578.98 Safari/537.36
16:16:6 GET /bundle.js Mozilla/5.0 (Macintosh; Intel Mac OS X 10_12_6) AppleWebKit/537.36 (KHTML, like Gecko) Chrome/71.0.3578.98 Safari/537.36
16:16:7 GET / Mozilla/5.0 (Macintosh; Intel Mac OS X 10_12_6) AppleWebKit/537.36 (KHTML, like Gecko) Chrome/71.0.3578.98 Safari/537.36
16:16:7 GET /bundle.js Mozilla/5.0 (Macintosh; Intel Mac OS X 10_12_6) AppleWebKit/537.36 (KHTML, like Gecko) Chrome/71.0.3578.98 Safari/537.36
16:16:23 GET / Mozilla/5.0 (Macintosh; Intel Mac OS X 10_12_6) AppleWebKit/537.36 (KHTML, like Gecko) Chrome/71.0.3578.98 Safari/537.36
16:16:23 GET /dist/bundle.js Mozilla/5.0 (Macintosh; Intel Mac OS X 10_12_6) AppleWebKit/537.36 (KHTML, like Gecko) Chrome/71.0.3578.98 Safari/537.36
16:23:50 GET / Mozilla/5.0 (Macintosh; Intel Mac OS X 10_12_6) AppleWebKit/537.36 (KHTML, like Gecko) Chrome/71.0.3578.98 Safari/537.36
16:23:50 GET /dist/bundle.js Mozilla/5.0 (Macintosh; Intel Mac OS X 10_12_6) AppleWebKit/537.36 (KHTML, like Gecko) Chrome/71.0.3578.98 Safari/537.36
16:25:52 GET / Mozilla/5.0 (Macintosh; Intel Mac OS X 10_12_6) AppleWebKit/537.36 (KHTML, like Gecko) Chrome/71.0.3578.98 Safari/537.36
16:25:53 GET /dist/bundle.js Mozilla/5.0 (Macintosh; Intel Mac OS X 10_12_6) AppleWebKit/537.36 (KHTML, like Gecko) Chrome/71.0.3578.98 Safari/537.36
16:25:54 GET / Mozilla/5.0 (Macintosh; Intel Mac OS X 10_12_6) AppleWebKit/537.36 (KHTML, like Gecko) Chrome/71.0.3578.98 Safari/537.36
16:25:54 GET /dist/bundle.js Mozilla/5.0 (Macintosh; Intel Mac OS X 10_12_6) AppleWebKit/537.36 (KHTML, like Gecko) Chrome/71.0.3578.98 Safari/537.36
16:25:55 GET / Mozilla/5.0 (Macintosh; Intel Mac OS X 10_12_6) AppleWebKit/537.36 (KHTML, like Gecko) Chrome/71.0.3578.98 Safari/537.36
16:25:55 GET /dist/bundle.js Mozilla/5.0 (Macintosh; Intel Mac OS X 10_12_6) AppleWebKit/537.36 (KHTML, like Gecko) Chrome/71.0.3578.98 Safari/537.36
16:26:55 GET / Mozilla/5.0 (Macintosh; Intel Mac OS X 10_12_6) AppleWebKit/537.36 (KHTML, like Gecko) Chrome/71.0.3578.98 Safari/537.36
16:26:55 GET /dist/bundle.js Mozilla/5.0 (Macintosh; Intel Mac OS X 10_12_6) AppleWebKit/537.36 (KHTML, like Gecko) Chrome/71.0.3578.98 Safari/537.36
16:26:56 GET / Mozilla/5.0 (Macintosh; Intel Mac OS X 10_12_6) AppleWebKit/537.36 (KHTML, like Gecko) Chrome/71.0.3578.98 Safari/537.36
16:26:56 GET /dist/bundle.js Mozilla/5.0 (Macintosh; Intel Mac OS X 10_12_6) AppleWebKit/537.36 (KHTML, like Gecko) Chrome/71.0.3578.98 Safari/537.36
16:26:56 GET / Mozilla/5.0 (Macintosh; Intel Mac OS X 10_12_6) AppleWebKit/537.36 (KHTML, like Gecko) Chrome/71.0.3578.98 Safari/537.36
16:26:56 GET /dist/bundle.js Mozilla/5.0 (Macintosh; Intel Mac OS X 10_12_6) AppleWebKit/537.36 (KHTML, like Gecko) Chrome/71.0.3578.98 Safari/537.36
16:26:57 GET / Mozilla/5.0 (Macintosh; Intel Mac OS X 10_12_6) AppleWebKit/537.36 (KHTML, like Gecko) Chrome/71.0.3578.98 Safari/537.36
16:26:57 GET /dist/bundle.js Mozilla/5.0 (Macintosh; Intel Mac OS X 10_12_6) AppleWebKit/537.36 (KHTML, like Gecko) Chrome/71.0.3578.98 Safari/537.36
16:27:46 GET / Mozilla/5.0 (Macintosh; Intel Mac OS X 10_12_6) AppleWebKit/537.36 (KHTML, like Gecko) Chrome/71.0.3578.98 Safari/537.36
16:27:46 GET /dist/bundle.js Mozilla/5.0 (Macintosh; Intel Mac OS X 10_12_6) AppleWebKit/537.36 (KHTML, like Gecko) Chrome/71.0.3578.98 Safari/537.36
16:27:47 GET / Mozilla/5.0 (Macintosh; Intel Mac OS X 10_12_6) AppleWebKit/537.36 (KHTML, like Gecko) Chrome/71.0.3578.98 Safari/537.36
16:27:47 GET /dist/bundle.js Mozilla/5.0 (Macintosh; Intel Mac OS X 10_12_6) AppleWebKit/537.36 (KHTML, like Gecko) Chrome/71.0.3578.98 Safari/537.36
16:27:55 GET / Mozilla/5.0 (Macintosh; Intel Mac OS X 10_12_6) AppleWebKit/537.36 (KHTML, like Gecko) Chrome/71.0.3578.98 Safari/537.36
16:27:55 GET /dist/bundle.js Mozilla/5.0 (Macintosh; Intel Mac OS X 10_12_6) AppleWebKit/537.36 (KHTML, like Gecko) Chrome/71.0.3578.98 Safari/537.36
16:28:0 GET / Mozilla/5.0 (Macintosh; Intel Mac OS X 10_12_6) AppleWebKit/537.36 (KHTML, like Gecko) Chrome/71.0.3578.98 Safari/537.36
16:28:0 GET /dist/bundle.js Mozilla/5.0 (Macintosh; Intel Mac OS X 10_12_6) AppleWebKit/537.36 (KHTML, like Gecko) Chrome/71.0.3578.98 Safari/537.36
16:28:1 GET / Mozilla/5.0 (Macintosh; Intel Mac OS X 10_12_6) AppleWebKit/537.36 (KHTML, like Gecko) Chrome/71.0.3578.98 Safari/537.36
16:28:1 GET /dist/bundle.js Mozilla/5.0 (Macintosh; Intel Mac OS X 10_12_6) AppleWebKit/537.36 (KHTML, like Gecko) Chrome/71.0.3578.98 Safari/537.36
16:38:0 GET / Mozilla/5.0 (Macintosh; Intel Mac OS X 10_12_6) AppleWebKit/537.36 (KHTML, like Gecko) Chrome/71.0.3578.98 Safari/537.36
16:38:0 GET /dist/bundle.js Mozilla/5.0 (Macintosh; Intel Mac OS X 10_12_6) AppleWebKit/537.36 (KHTML, like Gecko) Chrome/71.0.3578.98 Safari/537.36
16:38:12 GET / Mozilla/5.0 (Macintosh; Intel Mac OS X 10_12_6) AppleWebKit/537.36 (KHTML, like Gecko) Chrome/71.0.3578.98 Safari/537.36
16:38:12 GET /dist/bundle.js Mozilla/5.0 (Macintosh; Intel Mac OS X 10_12_6) AppleWebKit/537.36 (KHTML, like Gecko) Chrome/71.0.3578.98 Safari/537.36
16:38:16 GET / Mozilla/5.0 (Macintosh; Intel Mac OS X 10_12_6) AppleWebKit/537.36 (KHTML, like Gecko) Chrome/71.0.3578.98 Safari/537.36
16:38:16 GET /dist/bundle.js Mozilla/5.0 (Macintosh; Intel Mac OS X 10_12_6) AppleWebKit/537.36 (KHTML, like Gecko) Chrome/71.0.3578.98 Safari/537.36
16:38:23 GET / Mozilla/5.0 (Macintosh; Intel Mac OS X 10_12_6) AppleWebKit/537.36 (KHTML, like Gecko) Chrome/71.0.3578.98 Safari/537.36
16:38:23 GET /dist/bundle.js Mozilla/5.0 (Macintosh; Intel Mac OS X 10_12_6) AppleWebKit/537.36 (KHTML, like Gecko) Chrome/71.0.3578.98 Safari/537.36
16:39:20 GET / Mozilla/5.0 (Macintosh; Intel Mac OS X 10_12_6) AppleWebKit/537.36 (KHTML, like Gecko) Chrome/71.0.3578.98 Safari/537.36
16:39:20 GET /dist/bundle.js Mozilla/5.0 (Macintosh; Intel Mac OS X 10_12_6) AppleWebKit/537.36 (KHTML, like Gecko) Chrome/71.0.3578.98 Safari/537.36
16:39:22 GET / Mozilla/5.0 (Macintosh; Intel Mac OS X 10_12_6) AppleWebKit/537.36 (KHTML, like Gecko) Chrome/71.0.3578.98 Safari/537.36
16:39:22 GET /dist/bundle.js Mozilla/5.0 (Macintosh; Intel Mac OS X 10_12_6) AppleWebKit/537.36 (KHTML, like Gecko) Chrome/71.0.3578.98 Safari/537.36
16:39:30 GET / Mozilla/5.0 (Macintosh; Intel Mac OS X 10_12_6) AppleWebKit/537.36 (KHTML, like Gecko) Chrome/71.0.3578.98 Safari/537.36
16:39:30 GET /dist/bundle.js Mozilla/5.0 (Macintosh; Intel Mac OS X 10_12_6) AppleWebKit/537.36 (KHTML, like Gecko) Chrome/71.0.3578.98 Safari/537.36
16:39:31 GET / Mozilla/5.0 (Macintosh; Intel Mac OS X 10_12_6) AppleWebKit/537.36 (KHTML, like Gecko) Chrome/71.0.3578.98 Safari/537.36
16:39:31 GET /dist/bundle.js Mozilla/5.0 (Macintosh; Intel Mac OS X 10_12_6) AppleWebKit/537.36 (KHTML, like Gecko) Chrome/71.0.3578.98 Safari/537.36
16:39:35 GET / Mozilla/5.0 (Macintosh; Intel Mac OS X 10_12_6) AppleWebKit/537.36 (KHTML, like Gecko) Chrome/71.0.3578.98 Safari/537.36
16:39:35 GET /dist/bundle.js Mozilla/5.0 (Macintosh; Intel Mac OS X 10_12_6) AppleWebKit/537.36 (KHTML, like Gecko) Chrome/71.0.3578.98 Safari/537.36
16:45:9 GET / Mozilla/5.0 (Macintosh; Intel Mac OS X 10_12_6) AppleWebKit/537.36 (KHTML, like Gecko) Chrome/71.0.3578.98 Safari/537.36
16:45:9 GET /dist/bundle.js Mozilla/5.0 (Macintosh; Intel Mac OS X 10_12_6) AppleWebKit/537.36 (KHTML, like Gecko) Chrome/71.0.3578.98 Safari/537.36
16:45:28 GET / Mozilla/5.0 (Macintosh; Intel Mac OS X 10_12_6) AppleWebKit/537.36 (KHTML, like Gecko) Chrome/71.0.3578.98 Safari/537.36
16:45:28 GET /dist/bundle.js Mozilla/5.0 (Macintosh; Intel Mac OS X 10_12_6) AppleWebKit/537.36 (KHTML, like Gecko) Chrome/71.0.3578.98 Safari/537.36
16:45:29 GET / Mozilla/5.0 (Macintosh; Intel Mac OS X 10_12_6) AppleWebKit/537.36 (KHTML, like Gecko) Chrome/71.0.3578.98 Safari/537.36
16:45:30 GET /dist/bundle.js Mozilla/5.0 (Macintosh; Intel Mac OS X 10_12_6) AppleWebKit/537.36 (KHTML, like Gecko) Chrome/71.0.3578.98 Safari/537.36
16:45:31 GET / Mozilla/5.0 (Macintosh; Intel Mac OS X 10_12_6) AppleWebKit/537.36 (KHTML, like Gecko) Chrome/71.0.3578.98 Safari/537.36
16:45:31 GET /dist/bundle.js Mozilla/5.0 (Macintosh; Intel Mac OS X 10_12_6) AppleWebKit/537.36 (KHTML, like Gecko) Chrome/71.0.3578.98 Safari/537.36
16:54:43 GET / Mozilla/5.0 (Macintosh; Intel Mac OS X 10_12_6) AppleWebKit/537.36 (KHTML, like Gecko) Chrome/71.0.3578.98 Safari/537.36
16:54:43 GET /dist/bundle.js Mozilla/5.0 (Macintosh; Intel Mac OS X 10_12_6) AppleWebKit/537.36 (KHTML, like Gecko) Chrome/71.0.3578.98 Safari/537.36
16:54:44 GET / Mozilla/5.0 (Macintosh; Intel Mac OS X 10_12_6) AppleWebKit/537.36 (KHTML, like Gecko) Chrome/71.0.3578.98 Safari/537.36
16:54:44 GET /dist/bundle.js Mozilla/5.0 (Macintosh; Intel Mac OS X 10_12_6) AppleWebKit/537.36 (KHTML, like Gecko) Chrome/71.0.3578.98 Safari/537.36
16:54:47 GET / Mozilla/5.0 (Macintosh; Intel Mac OS X 10_12_6) AppleWebKit/537.36 (KHTML, like Gecko) Chrome/71.0.3578.98 Safari/537.36
16:54:47 GET /dist/bundle.js Mozilla/5.0 (Macintosh; Intel Mac OS X 10_12_6) AppleWebKit/537.36 (KHTML, like Gecko) Chrome/71.0.3578.98 Safari/537.36
16:55:11 GET / Mozilla/5.0 (Macintosh; Intel Mac OS X 10_12_6) AppleWebKit/537.36 (KHTML, like Gecko) Chrome/71.0.3578.98 Safari/537.36
16:55:11 GET /dist/bundle.js Mozilla/5.0 (Macintosh; Intel Mac OS X 10_12_6) AppleWebKit/537.36 (KHTML, like Gecko) Chrome/71.0.3578.98 Safari/537.36
16:55:29 GET / Mozilla/5.0 (Macintosh; Intel Mac OS X 10_12_6) AppleWebKit/537.36 (KHTML, like Gecko) Chrome/71.0.3578.98 Safari/537.36
16:55:29 GET /dist/bundle.js Mozilla/5.0 (Macintosh; Intel Mac OS X 10_12_6) AppleWebKit/537.36 (KHTML, like Gecko) Chrome/71.0.3578.98 Safari/537.36
16:55:37 GET / Mozilla/5.0 (Macintosh; Intel Mac OS X 10_12_6) AppleWebKit/537.36 (KHTML, like Gecko) Chrome/71.0.3578.98 Safari/537.36
16:55:37 GET /dist/bundle.js Mozilla/5.0 (Macintosh; Intel Mac OS X 10_12_6) AppleWebKit/537.36 (KHTML, like Gecko) Chrome/71.0.3578.98 Safari/537.36
16:56:8 GET / Mozilla/5.0 (Macintosh; Intel Mac OS X 10_12_6) AppleWebKit/537.36 (KHTML, like Gecko) Chrome/71.0.3578.98 Safari/537.36
16:56:8 GET /dist/bundle.js Mozilla/5.0 (Macintosh; Intel Mac OS X 10_12_6) AppleWebKit/537.36 (KHTML, like Gecko) Chrome/71.0.3578.98 Safari/537.36
16:57:5 GET / Mozilla/5.0 (Macintosh; Intel Mac OS X 10_12_6) AppleWebKit/537.36 (KHTML, like Gecko) Chrome/71.0.3578.98 Safari/537.36
16:57:5 GET /dist/bundle.js Mozilla/5.0 (Macintosh; Intel Mac OS X 10_12_6) AppleWebKit/537.36 (KHTML, like Gecko) Chrome/71.0.3578.98 Safari/537.36
16:59:42 GET / Mozilla/5.0 (Macintosh; Intel Mac OS X 10_12_6) AppleWebKit/537.36 (KHTML, like Gecko) Chrome/71.0.3578.98 Safari/537.36
16:59:42 GET /dist/bundle.js Mozilla/5.0 (Macintosh; Intel Mac OS X 10_12_6) AppleWebKit/537.36 (KHTML, like Gecko) Chrome/71.0.3578.98 Safari/537.36
17:1:30 GET / Mozilla/5.0 (Macintosh; Intel Mac OS X 10_12_6) AppleWebKit/537.36 (KHTML, like Gecko) Chrome/71.0.3578.98 Safari/537.36
17:1:30 GET /dist/bundle.js Mozilla/5.0 (Macintosh; Intel Mac OS X 10_12_6) AppleWebKit/537.36 (KHTML, like Gecko) Chrome/71.0.3578.98 Safari/537.36
17:1:32 GET / Mozilla/5.0 (Macintosh; Intel Mac OS X 10_12_6) AppleWebKit/537.36 (KHTML, like Gecko) Chrome/71.0.3578.98 Safari/537.36
17:1:32 GET /dist/bundle.js Mozilla/5.0 (Macintosh; Intel Mac OS X 10_12_6) AppleWebKit/537.36 (KHTML, like Gecko) Chrome/71.0.3578.98 Safari/537.36
17:3:10 GET / Mozilla/5.0 (Macintosh; Intel Mac OS X 10_12_6) AppleWebKit/537.36 (KHTML, like Gecko) Chrome/71.0.3578.98 Safari/537.36
17:3:10 GET /dist/bundle.js Mozilla/5.0 (Macintosh; Intel Mac OS X 10_12_6) AppleWebKit/537.36 (KHTML, like Gecko) Chrome/71.0.3578.98 Safari/537.36
17:14:15 GET / Mozilla/5.0 (Macintosh; Intel Mac OS X 10_12_6) AppleWebKit/605.1.15 (KHTML, like Gecko) Version/12.0.3 Safari/605.1.15
17:14:15 GET /dist/bundle.js Mozilla/5.0 (Macintosh; Intel Mac OS X 10_12_6) AppleWebKit/605.1.15 (KHTML, like Gecko) Version/12.0.3 Safari/605.1.15
17:14:15 GET /favicon.ico Mozilla/5.0 (Macintosh; Intel Mac OS X 10_12_6) AppleWebKit/605.1.15 (KHTML, like Gecko) Version/12.0.3 Safari/605.1.15
17:14:27 GET / Mozilla/5.0 (Macintosh; Intel Mac OS X 10_12_6) AppleWebKit/537.36 (KHTML, like Gecko) Chrome/71.0.3578.98 Safari/537.36
17:14:27 GET /dist/bundle.js Mozilla/5.0 (Macintosh; Intel Mac OS X 10_12_6) AppleWebKit/537.36 (KHTML, like Gecko) Chrome/71.0.3578.98 Safari/537.36
17:19:41 GET / Mozilla/5.0 (Macintosh; Intel Mac OS X 10_12_6) AppleWebKit/537.36 (KHTML, like Gecko) Chrome/71.0.3578.98 Safari/537.36
17:19:42 GET /dist/bundle.js Mozilla/5.0 (Macintosh; Intel Mac OS X 10_12_6) AppleWebKit/537.36 (KHTML, like Gecko) Chrome/71.0.3578.98 Safari/537.36
17:20:20 GET / Mozilla/5.0 (Macintosh; Intel Mac OS X 10_12_6) AppleWebKit/537.36 (KHTML, like Gecko) Chrome/71.0.3578.98 Safari/537.36
17:20:20 GET /dist/bundle.js Mozilla/5.0 (Macintosh; Intel Mac OS X 10_12_6) AppleWebKit/537.36 (KHTML, like Gecko) Chrome/71.0.3578.98 Safari/537.36
17:20:21 GET / Mozilla/5.0 (Macintosh; Intel Mac OS X 10_12_6) AppleWebKit/537.36 (KHTML, like Gecko) Chrome/71.0.3578.98 Safari/537.36
17:20:21 GET /dist/bundle.js Mozilla/5.0 (Macintosh; Intel Mac OS X 10_12_6) AppleWebKit/537.36 (KHTML, like Gecko) Chrome/71.0.3578.98 Safari/537.36
17:20:22 GET / Mozilla/5.0 (Macintosh; Intel Mac OS X 10_12_6) AppleWebKit/537.36 (KHTML, like Gecko) Chrome/71.0.3578.98 Safari/537.36
17:20:22 GET /dist/bundle.js Mozilla/5.0 (Macintosh; Intel Mac OS X 10_12_6) AppleWebKit/537.36 (KHTML, like Gecko) Chrome/71.0.3578.98 Safari/537.36
17:20:22 GET / Mozilla/5.0 (Macintosh; Intel Mac OS X 10_12_6) AppleWebKit/537.36 (KHTML, like Gecko) Chrome/71.0.3578.98 Safari/537.36
17:20:22 GET /dist/bundle.js Mozilla/5.0 (Macintosh; Intel Mac OS X 10_12_6) AppleWebKit/537.36 (KHTML, like Gecko) Chrome/71.0.3578.98 Safari/537.36
17:28:26 GET / Mozilla/5.0 (Macintosh; Intel Mac OS X 10_12_6) AppleWebKit/537.36 (KHTML, like Gecko) Chrome/71.0.3578.98 Safari/537.36
17:28:26 GET /dist/bundle.js Mozilla/5.0 (Macintosh; Intel Mac OS X 10_12_6) AppleWebKit/537.36 (KHTML, like Gecko) Chrome/71.0.3578.98 Safari/537.36
17:28:27 GET / Mozilla/5.0 (Macintosh; Intel Mac OS X 10_12_6) AppleWebKit/537.36 (KHTML, like Gecko) Chrome/71.0.3578.98 Safari/537.36
17:28:27 GET /dist/bundle.js Mozilla/5.0 (Macintosh; Intel Mac OS X 10_12_6) AppleWebKit/537.36 (KHTML, like Gecko) Chrome/71.0.3578.98 Safari/537.36
18:9:39 GET / Mozilla/5.0 (Macintosh; Intel Mac OS X 10_12_6) AppleWebKit/537.36 (KHTML, like Gecko) Chrome/71.0.3578.98 Safari/537.36
18:9:39 GET /dist/bundle.js Mozilla/5.0 (Macintosh; Intel Mac OS X 10_12_6) AppleWebKit/537.36 (KHTML, like Gecko) Chrome/71.0.3578.98 Safari/537.36
18:12:49 GET / Mozilla/5.0 (Macintosh; Intel Mac OS X 10_12_6) AppleWebKit/537.36 (KHTML, like Gecko) Chrome/71.0.3578.98 Safari/537.36
18:12:49 GET /bundle.js Mozilla/5.0 (Macintosh; Intel Mac OS X 10_12_6) AppleWebKit/537.36 (KHTML, like Gecko) Chrome/71.0.3578.98 Safari/537.36
18:12:50 GET / Mozilla/5.0 (Macintosh; Intel Mac OS X 10_12_6) AppleWebKit/537.36 (KHTML, like Gecko) Chrome/71.0.3578.98 Safari/537.36
18:12:50 GET /bundle.js Mozilla/5.0 (Macintosh; Intel Mac OS X 10_12_6) AppleWebKit/537.36 (KHTML, like Gecko) Chrome/71.0.3578.98 Safari/537.36
18:12:51 GET / Mozilla/5.0 (Macintosh; Intel Mac OS X 10_12_6) AppleWebKit/537.36 (KHTML, like Gecko) Chrome/71.0.3578.98 Safari/537.36
18:12:51 GET /bundle.js Mozilla/5.0 (Macintosh; Intel Mac OS X 10_12_6) AppleWebKit/537.36 (KHTML, like Gecko) Chrome/71.0.3578.98 Safari/537.36
18:12:51 GET / Mozilla/5.0 (Macintosh; Intel Mac OS X 10_12_6) AppleWebKit/537.36 (KHTML, like Gecko) Chrome/71.0.3578.98 Safari/537.36
18:12:51 GET /bundle.js Mozilla/5.0 (Macintosh; Intel Mac OS X 10_12_6) AppleWebKit/537.36 (KHTML, like Gecko) Chrome/71.0.3578.98 Safari/537.36
18:12:52 GET / Mozilla/5.0 (Macintosh; Intel Mac OS X 10_12_6) AppleWebKit/537.36 (KHTML, like Gecko) Chrome/71.0.3578.98 Safari/537.36
18:12:52 GET /bundle.js Mozilla/5.0 (Macintosh; Intel Mac OS X 10_12_6) AppleWebKit/537.36 (KHTML, like Gecko) Chrome/71.0.3578.98 Safari/537.36
18:12:55 GET / Mozilla/5.0 (Macintosh; Intel Mac OS X 10_12_6) AppleWebKit/537.36 (KHTML, like Gecko) Chrome/71.0.3578.98 Safari/537.36
18:12:55 GET /bundle.js Mozilla/5.0 (Macintosh; Intel Mac OS X 10_12_6) AppleWebKit/537.36 (KHTML, like Gecko) Chrome/71.0.3578.98 Safari/537.36
18:13:15 GET / Mozilla/5.0 (Macintosh; Intel Mac OS X 10_12_6) AppleWebKit/537.36 (KHTML, like Gecko) Chrome/71.0.3578.98 Safari/537.36
18:13:15 GET /bundle.js Mozilla/5.0 (Macintosh; Intel Mac OS X 10_12_6) AppleWebKit/537.36 (KHTML, like Gecko) Chrome/71.0.3578.98 Safari/537.36
18:14:31 GET / Mozilla/5.0 (Macintosh; Intel Mac OS X 10_12_6) AppleWebKit/537.36 (KHTML, like Gecko) Chrome/71.0.3578.98 Safari/537.36
18:14:31 GET /bundle.js Mozilla/5.0 (Macintosh; Intel Mac OS X 10_12_6) AppleWebKit/537.36 (KHTML, like Gecko) Chrome/71.0.3578.98 Safari/537.36
18:15:5 GET / Mozilla/5.0 (Macintosh; Intel Mac OS X 10_12_6) AppleWebKit/537.36 (KHTML, like Gecko) Chrome/71.0.3578.98 Safari/537.36
18:15:5 GET /bundle.js Mozilla/5.0 (Macintosh; Intel Mac OS X 10_12_6) AppleWebKit/537.36 (KHTML, like Gecko) Chrome/71.0.3578.98 Safari/537.36
18:15:7 GET / Mozilla/5.0 (Macintosh; Intel Mac OS X 10_12_6) AppleWebKit/537.36 (KHTML, like Gecko) Chrome/71.0.3578.98 Safari/537.36
18:15:7 GET /bundle.js Mozilla/5.0 (Macintosh; Intel Mac OS X 10_12_6) AppleWebKit/537.36 (KHTML, like Gecko) Chrome/71.0.3578.98 Safari/537.36
18:17:30 GET /index.html Mozilla/5.0 (Macintosh; Intel Mac OS X 10_12_6) AppleWebKit/537.36 (KHTML, like Gecko) Chrome/71.0.3578.98 Safari/537.36
18:21:55 GET /index.html Mozilla/5.0 (Macintosh; Intel Mac OS X 10_12_6) AppleWebKit/537.36 (KHTML, like Gecko) Chrome/71.0.3578.98 Safari/537.36
18:21:55 GET /public/bundle.js Mozilla/5.0 (Macintosh; Intel Mac OS X 10_12_6) AppleWebKit/537.36 (KHTML, like Gecko) Chrome/71.0.3578.98 Safari/537.36
18:21:57 GET / Mozilla/5.0 (Macintosh; Intel Mac OS X 10_12_6) AppleWebKit/537.36 (KHTML, like Gecko) Chrome/71.0.3578.98 Safari/537.36
18:21:57 GET /public/bundle.js Mozilla/5.0 (Macintosh; Intel Mac OS X 10_12_6) AppleWebKit/537.36 (KHTML, like Gecko) Chrome/71.0.3578.98 Safari/537.36
18:22:29 GET / Mozilla/5.0 (Macintosh; Intel Mac OS X 10_12_6) AppleWebKit/537.36 (KHTML, like Gecko) Chrome/71.0.3578.98 Safari/537.36
18:22:30 GET /public/bundle.js Mozilla/5.0 (Macintosh; Intel Mac OS X 10_12_6) AppleWebKit/537.36 (KHTML, like Gecko) Chrome/71.0.3578.98 Safari/537.36
18:22:30 GET / Mozilla/5.0 (Macintosh; Intel Mac OS X 10_12_6) AppleWebKit/537.36 (KHTML, like Gecko) Chrome/71.0.3578.98 Safari/537.36
18:22:30 GET /public/bundle.js Mozilla/5.0 (Macintosh; Intel Mac OS X 10_12_6) AppleWebKit/537.36 (KHTML, like Gecko) Chrome/71.0.3578.98 Safari/537.36
18:24:23 GET /index.html Mozilla/5.0 (Macintosh; Intel Mac OS X 10_12_6) AppleWebKit/537.36 (KHTML, like Gecko) Chrome/71.0.3578.98 Safari/537.36
18:24:23 GET /public/bundle.js Mozilla/5.0 (Macintosh; Intel Mac OS X 10_12_6) AppleWebKit/537.36 (KHTML, like Gecko) Chrome/71.0.3578.98 Safari/537.36
18:24:43 GET /style.css Mozilla/5.0 (Macintosh; Intel Mac OS X 10_12_6) AppleWebKit/537.36 (KHTML, like Gecko) Chrome/71.0.3578.98 Safari/537.36
18:25:16 GET /bundle.js Mozilla/5.0 (Macintosh; Intel Mac OS X 10_12_6) AppleWebKit/537.36 (KHTML, like Gecko) Chrome/71.0.3578.98 Safari/537.36
18:25:31 GET / Mozilla/5.0 (Macintosh; Intel Mac OS X 10_12_6) AppleWebKit/537.36 (KHTML, like Gecko) Chrome/71.0.3578.98 Safari/537.36
18:25:31 GET /bundle.js Mozilla/5.0 (Macintosh; Intel Mac OS X 10_12_6) AppleWebKit/537.36 (KHTML, like Gecko) Chrome/71.0.3578.98 Safari/537.36
18:25:31 GET /bundle.js.map Mozilla/5.0 (Macintosh; Intel Mac OS X 10_12_6) AppleWebKit/537.36 (KHTML, like Gecko) Chrome/71.0.3578.98 Safari/537.36
18:26:25 GET / Mozilla/5.0 (Macintosh; Intel Mac OS X 10_12_6) AppleWebKit/537.36 (KHTML, like Gecko) Chrome/71.0.3578.98 Safari/537.36
18:26:25 GET /bundle.js Mozilla/5.0 (Macintosh; Intel Mac OS X 10_12_6) AppleWebKit/537.36 (KHTML, like Gecko) Chrome/71.0.3578.98 Safari/537.36
18:26:25 GET /bundle.js.map Mozilla/5.0 (Macintosh; Intel Mac OS X 10_12_6) AppleWebKit/537.36 (KHTML, like Gecko) Chrome/71.0.3578.98 Safari/537.36
18:26:50 GET / Mozilla/5.0 (Macintosh; Intel Mac OS X 10_12_6) AppleWebKit/537.36 (KHTML, like Gecko) Chrome/71.0.3578.98 Safari/537.36
18:26:50 GET /bundle.js Mozilla/5.0 (Macintosh; Intel Mac OS X 10_12_6) AppleWebKit/537.36 (KHTML, like Gecko) Chrome/71.0.3578.98 Safari/537.36
18:26:50 GET /bundle.js.map Mozilla/5.0 (Macintosh; Intel Mac OS X 10_12_6) AppleWebKit/537.36 (KHTML, like Gecko) Chrome/71.0.3578.98 Safari/537.36
18:26:51 GET / Mozilla/5.0 (Macintosh; Intel Mac OS X 10_12_6) AppleWebKit/537.36 (KHTML, like Gecko) Chrome/71.0.3578.98 Safari/537.36
18:26:51 GET /bundle.js Mozilla/5.0 (Macintosh; Intel Mac OS X 10_12_6) AppleWebKit/537.36 (KHTML, like Gecko) Chrome/71.0.3578.98 Safari/537.36
18:26:51 GET /bundle.js.map Mozilla/5.0 (Macintosh; Intel Mac OS X 10_12_6) AppleWebKit/537.36 (KHTML, like Gecko) Chrome/71.0.3578.98 Safari/537.36
18:26:52 GET / Mozilla/5.0 (Macintosh; Intel Mac OS X 10_12_6) AppleWebKit/537.36 (KHTML, like Gecko) Chrome/71.0.3578.98 Safari/537.36
18:26:52 GET /bundle.js Mozilla/5.0 (Macintosh; Intel Mac OS X 10_12_6) AppleWebKit/537.36 (KHTML, like Gecko) Chrome/71.0.3578.98 Safari/537.36
18:26:52 GET /bundle.js.map Mozilla/5.0 (Macintosh; Intel Mac OS X 10_12_6) AppleWebKit/537.36 (KHTML, like Gecko) Chrome/71.0.3578.98 Safari/537.36
18:26:52 GET / Mozilla/5.0 (Macintosh; Intel Mac OS X 10_12_6) AppleWebKit/537.36 (KHTML, like Gecko) Chrome/71.0.3578.98 Safari/537.36
18:26:52 GET /bundle.js Mozilla/5.0 (Macintosh; Intel Mac OS X 10_12_6) AppleWebKit/537.36 (KHTML, like Gecko) Chrome/71.0.3578.98 Safari/537.36
18:26:52 GET /bundle.js.map Mozilla/5.0 (Macintosh; Intel Mac OS X 10_12_6) AppleWebKit/537.36 (KHTML, like Gecko) Chrome/71.0.3578.98 Safari/537.36
18:27:45 GET / Mozilla/5.0 (Macintosh; Intel Mac OS X 10_12_6) AppleWebKit/537.36 (KHTML, like Gecko) Chrome/71.0.3578.98 Safari/537.36
18:27:45 GET /bundle.js Mozilla/5.0 (Macintosh; Intel Mac OS X 10_12_6) AppleWebKit/537.36 (KHTML, like Gecko) Chrome/71.0.3578.98 Safari/537.36
18:27:45 GET /bundle.js.map Mozilla/5.0 (Macintosh; Intel Mac OS X 10_12_6) AppleWebKit/537.36 (KHTML, like Gecko) Chrome/71.0.3578.98 Safari/537.36
18:27:46 GET / Mozilla/5.0 (Macintosh; Intel Mac OS X 10_12_6) AppleWebKit/537.36 (KHTML, like Gecko) Chrome/71.0.3578.98 Safari/537.36
18:27:46 GET /bundle.js Mozilla/5.0 (Macintosh; Intel Mac OS X 10_12_6) AppleWebKit/537.36 (KHTML, like Gecko) Chrome/71.0.3578.98 Safari/537.36
18:27:46 GET /bundle.js.map Mozilla/5.0 (Macintosh; Intel Mac OS X 10_12_6) AppleWebKit/537.36 (KHTML, like Gecko) Chrome/71.0.3578.98 Safari/537.36
18:28:13 GET / Mozilla/5.0 (Macintosh; Intel Mac OS X 10_12_6) AppleWebKit/537.36 (KHTML, like Gecko) Chrome/71.0.3578.98 Safari/537.36
18:28:13 GET /bundle.js Mozilla/5.0 (Macintosh; Intel Mac OS X 10_12_6) AppleWebKit/537.36 (KHTML, like Gecko) Chrome/71.0.3578.98 Safari/537.36
18:28:13 GET /bundle.js.map Mozilla/5.0 (Macintosh; Intel Mac OS X 10_12_6) AppleWebKit/537.36 (KHTML, like Gecko) Chrome/71.0.3578.98 Safari/537.36
18:28:15 GET / Mozilla/5.0 (Macintosh; Intel Mac OS X 10_12_6) AppleWebKit/537.36 (KHTML, like Gecko) Chrome/71.0.3578.98 Safari/537.36
18:28:15 GET /bundle.js Mozilla/5.0 (Macintosh; Intel Mac OS X 10_12_6) AppleWebKit/537.36 (KHTML, like Gecko) Chrome/71.0.3578.98 Safari/537.36
18:28:15 GET /bundle.js.map Mozilla/5.0 (Macintosh; Intel Mac OS X 10_12_6) AppleWebKit/537.36 (KHTML, like Gecko) Chrome/71.0.3578.98 Safari/537.36
